
>> process file: /home/kesalin/Elastos5/Sources//Elastos/Frameworks/Droid/Base/Core/src/elastos/droid/webkit/webview/chromium/native/ui/ColorPickerAdvancedComponent.cpp
   = warning: declaration for (IView**)&viewTmp) at line 57 not found!
   = warning: declaration for (IView**)&viewTmp1) at line 62 not found!

>> process file: /home/kesalin/Elastos5/Sources//Elastos/Frameworks/Droid/Base/Core/src/elastos/droid/webkit/webview/chromium/native/base/ApplicationStatus.cpp
   > error: invalid using of (IInterface**)&info) at line 254, it is declared as AutoPtr<ActivityInfo> info; '' at line 253.
   > error: invalid using of (IInterface**)&listener) at line 263, it is declared as AutoPtr<ActivityStateListener> listener; '' at line 262.
   > error: invalid using of (IInterface**)&listener) at line 274, it is declared as AutoPtr<ActivityStateListener> listener; '' at line 273.
   > error: invalid using of (IInterface**)&listener) at line 285, it is declared as AutoPtr<ApplicationStateListener> listener; '' at line 284.
   > error: invalid using of (IInterface**)&info) at line 404, it is declared as AutoPtr<ActivityInfo> info; '' at line 403.
   > error: invalid using of (IInterface**)&info) at line 473, it is declared as AutoPtr<ActivityInfo> info; '' at line 472.
   > error: invalid using of (IInterface**)&info) at line 495, it is declared as AutoPtr<ActivityInfo> info; '' at line 492.
   > error: invalid using of (IInterface**)&info) at line 553, it is declared as AutoPtr<ActivityInfo> info; '' at line 552.

>> process file: /home/kesalin/Elastos5/Sources//Elastos/Frameworks/Droid/Base/Core/src/elastos/droid/webkit/webview/chromium/native/base/PowerMonitor.cpp
   = warning: declaration for (IContext**)&context) at line 101 not found!

>> process file: /home/kesalin/Elastos5/Sources//Elastos/Frameworks/Droid/Base/Core/src/elastos/droid/webkit/webview/chromium/native/net/ElastosNetworkLibrary.cpp
   = warning: declaration for (IEnumeration**)&list) at line 189 not found!
   = warning: declaration for (IEnumeration**)&lists) at line 271 not found!

>> process file: /home/kesalin/Elastos5/Sources//Elastos/Frameworks/Droid/Base/Core/src/elastos/droid/webkit/webview/chromium/native/android_webview/AwWebContentsDelegateAdapter.cpp
   > error: invalid using of (IUri**)&helper) at line 121, it is declared as AutoPtr<IUriHelper> helper; '' at line 118.

>> process file: /home/kesalin/Elastos5/Sources//Elastos/Frameworks/Droid/Base/Core/src/elastos/droid/webkit/webview/chromium/native/android_webview/AwContentsClientCallbackHelper.cpp
   > error: invalid using of (IInterface**)&cs) at line 90, it is declared as AutoPtr<ICharSequence> cs; '' at line 89.
   > error: invalid using of (IInterface**)&cs) at line 98, it is declared as AutoPtr<ICharSequence> cs; '' at line 97.
   > error: invalid using of (IInterface**)&info) at line 106, it is declared as AutoPtr<DownloadInfo> info; '' at line 105.
   > error: invalid using of (IInterface**)&info) at line 113, it is declared as AutoPtr<LoginRequestInfo> info; '' at line 112.
   > error: invalid using of (IInterface**)&info) at line 119, it is declared as AutoPtr<OnReceivedErrorInfo> info; '' at line 118.

>> process file: /home/kesalin/Elastos5/Sources//Elastos/Frameworks/Droid/Base/Core/src/elastos/droid/webkit/webview/chromium/native/android_webview/AwContents.cpp
   > error: invalid using of (IMessage**)&msgHelper) at line 756, it is declared as AutoPtr<IMessageHelper> msgHelper; '' at line 753.

>> process file: /home/kesalin/Elastos5/Sources//Elastos/Frameworks/Droid/Base/Core/src/elastos/droid/webkit/webview/chromium/native/android_webview/AwSettings.cpp
   > error: invalid using of (IInterface**)&runnable) at line 196, it is declared as AutoPtr<IRunnable> runnable; '' at line 195.

>> process file: /home/kesalin/Elastos5/Sources//Elastos/Frameworks/Droid/Base/Core/src/elastos/droid/webkit/webview/chromium/native/media/VideoCaptureElastos.cpp
   > error: invalid using of (IInterface**)&fpsRange) at line 211, it is declared as AutoPtr<IArrayList> fpsRange; '' at line 210.
   > error: invalid using of (IInterface**)&range_0) at line 213, it is declared as AutoPtr<IInteger32> range_0; '' at line 212.

>> process file: /home/kesalin/Elastos5/Sources//Elastos/Frameworks/Droid/Base/Core/src/elastos/droid/webkit/webview/chromium/native/media/UsbMidiDeviceFactoryElastos.cpp
   > error: invalid using of (IInterface**)&device) at line 131, it is declared as AutoPtr<IUsbDevice> device; '' at line 130.

>> process file: /home/kesalin/Elastos5/Sources//Elastos/Frameworks/Droid/Base/Core/src/elastos/droid/webkit/webview/chromium/native/media/UsbMidiDeviceElastos.cpp
   > error: invalid using of (IInterface**)&endpoint) at line 283, it is declared as AutoPtr<IUsbEndpoint> endpoint; '' at line 282.

>> process file: /home/kesalin/Elastos5/Sources//Elastos/Frameworks/Droid/Base/Core/src/elastos/droid/webkit/webview/chromium/native/content/browser/MediaResourceGetter.cpp
   > error: invalid using of (IInterface**)&cs) at line 359, it is declared as AutoPtr<ICharSequence> cs; '' at line 358.
   > error: invalid using of (IInterface**)&pathCS) at line 585, it is declared as AutoPtr<ICharSequence> pathCS; '' at line 582.

>> process file: /home/kesalin/Elastos5/Sources//Elastos/Frameworks/Droid/Base/Core/src/elastos/droid/webkit/webview/chromium/native/content/browser/DeviceSensors.cpp
   > error: invalid using of (IInterface**)&value) at line 504, it is declared as AutoPtr<IInteger32> value; '' at line 502.
   > error: invalid using of (IInterface**)&sensorType) at line 532, it is declared as AutoPtr<IInteger32> sensorType; '' at line 530.

>> process file: /home/kesalin/Elastos5/Sources//Elastos/Frameworks/Droid/Base/Core/src/elastos/droid/webkit/webview/chromium/native/content/browser/PepperPluginManager.cpp
   > error: invalid using of (IInterface**)&info) at line 59, it is declared as AutoPtr<IResolveInfo> info; '' at line 58.

>> process file: /home/kesalin/Elastos5/Sources//Elastos/Frameworks/Droid/Base/Core/src/elastos/droid/webkit/webview/chromium/native/content/browser/SpeechRecognition.cpp
   > error: invalid using of (IInterface**)&resolve) at line 246, it is declared as AutoPtr<IResolveInfo> resolve; '' at line 243.

>> process file: /home/kesalin/Elastos5/Sources//Elastos/Frameworks/Droid/Base/Core/src/elastos/droid/webkit/webview/chromium/native/content/browser/accessibility/AccessibilityInjector.cpp
   > error: invalid using of (ITextToSpeech**)&mTextToSpeech) at line 114, it is declared as AutoPtr<TextToSpeechWrapper> mTextToSpeech; 'in .h file' at line 253.

>> process file: /home/kesalin/Elastos5/Sources//Elastos/Frameworks/Droid/Base/Core/src/elastos/droid/webkit/webview/chromium/native/content/browser/crypto/CipherFactory.cpp
   > error: invalid using of (IInterface**)&data) at line 191, it is declared as AutoPtr<CipherData> data; '' at line 189.

>> process file: /home/kesalin/Elastos5/Sources//Elastos/Frameworks/Droid/Base/Core/src/elastos/droid/webkit/webview/chromium/native/content/browser/ActivityContentVideoViewClient.cpp
   > error: invalid using of (IView**)&decor) at line 37, it is declared as AutoPtr<IFrameLayout> decor; '' at line 36.
   > error: invalid using of (IView**)&decor) at line 57, it is declared as AutoPtr<IFrameLayout> decor; '' at line 56.

>> process file: /home/kesalin/Elastos5/Sources//Elastos/Frameworks/Droid/Base/Core/src/elastos/droid/webkit/webview/chromium/native/content/browser/ScreenOrientationListener.cpp
   > error: invalid using of (IInterface**)&observer) at line 231, it is declared as AutoPtr<ScreenOrientationObserver> observer; '' at line 230.

>> process file: /home/kesalin/Elastos5/Sources//Elastos/Frameworks/Droid/Base/Core/src/elastos/droid/webkit/webview/chromium/native/content/browser/ViewPositionObserver.cpp
   > error: invalid using of (IInterface**)&listener) at line 121, it is declared as AutoPtr<Listener> listener; '' at line 120.

>> process file: /home/kesalin/Elastos5/Sources//Elastos/Frameworks/Droid/Base/Core/src/elastos/droid/webkit/webview/chromium/native/content/browser/ContentViewCore.cpp
   > error: invalid using of (IInterface**)&listener) at line 1783, it is declared as AutoPtr<GestureStateListener> listener; '' at line 1782.
   > error: invalid using of (IInterface**)&listener) at line 1801, it is declared as AutoPtr<GestureStateListener> listener; '' at line 1800.
   > error: invalid using of (IInterface**)&listener) at line 1833, it is declared as AutoPtr<GestureStateListener> listener; '' at line 1832.
   > error: invalid using of (IInterface**)&listener) at line 1876, it is declared as AutoPtr<GestureStateListener> listener; '' at line 1875.
   > error: invalid using of (IInterface**)&listener) at line 1979, it is declared as AutoPtr<GestureStateListener> listener; '' at line 1978.
   > error: invalid using of (IInterface**)&listener) at line 3107, it is declared as AutoPtr<GestureStateListener> listener; '' at line 3106.

>> process file: /home/kesalin/Elastos5/Sources//Elastos/Frameworks/Droid/Base/Core/src/elastos/droid/webkit/webview/chromium/native/content/browser/input/DateTimePickerDialog.cpp
   > error: invalid using of (IView**)&mDatePicker) at line 75, it is declared as /*const*/ AutoPtr<IDatePicker> mDatePicker; 'in .h file' at line 126.
   > error: invalid using of (IView**)&mTimePicker) at line 79, it is declared as /*const*/ AutoPtr<ITimePicker> mTimePicker; 'in .h file' at line 127.

>> process file: /home/kesalin/Elastos5/Sources//Elastos/Frameworks/Droid/Base/Core/src/elastos/droid/webkit/webview/chromium/native/content/browser/input/MultiFieldTimePickerDialog.cpp
   > error: invalid using of (IView**)&mHourSpinner) at line 103, it is declared as AutoPtr<INumberPicker> mHourSpinner; 'in .h file' at line 103.
   > error: invalid using of (IView**)&mMinuteSpinner) at line 104, it is declared as AutoPtr<INumberPicker> mMinuteSpinner; 'in .h file' at line 104.
   > error: invalid using of (IView**)&mSecSpinner) at line 105, it is declared as AutoPtr<INumberPicker> mSecSpinner; 'in .h file' at line 105.
   > error: invalid using of (IView**)&mMilliSpinner) at line 106, it is declared as AutoPtr<INumberPicker> mMilliSpinner; 'in .h file' at line 106.
   > error: invalid using of (IView**)&mAmPmSpinner) at line 107, it is declared as AutoPtr<INumberPicker> mAmPmSpinner; 'in .h file' at line 107.

>> process file: /home/kesalin/Elastos5/Sources//Elastos/Frameworks/Droid/Base/Core/src/elastos/droid/webkit/webview/chromium/native/content/browser/input/GamepadList.cpp
   > error: invalid using of (IInputDevice**)&helper) at line 182, it is declared as AutoPtr<IInputDeviceHelper> helper; '' at line 179.

>> process file: /home/kesalin/Elastos5/Sources//Elastos/Frameworks/Droid/Base/Core/src/elastos/droid/webkit/webview/chromium/native/content/browser/input/GamepadDevice.cpp
   > error: invalid using of (IInterface**)&range) at line 54, it is declared as AutoPtr<IMotionRange> range; '' at line 53.

>> process file: /home/kesalin/Elastos5/Sources//Elastos/Frameworks/Droid/Base/Core/src/elastos/droid/webkit/webview/chromium/native/content/browser/input/DateTimeSuggestionListAdapter.cpp
   > error: invalid using of (IView**)&labelView) at line 53, it is declared as AutoPtr<ITextView> labelView; '' at line 52.
   > error: invalid using of (IView**)&sublabelView) at line 55, it is declared as AutoPtr<ITextView> sublabelView; '' at line 54.

>> process file: /home/kesalin/Elastos5/Sources//Elastos/Frameworks/Droid/Base/Core/src/elastos/droid/webkit/webview/chromium/native/content/browser/input/SelectPopupAdapter.cpp
   > error: invalid using of (IArrayList**)&mItems) at line 38, it is declared as AutoPtr<IList> mItems; 'in .h file' at line 69.

>> process file: /home/kesalin/Elastos5/Sources//Elastos/Frameworks/Droid/Base/Core/src/elastos/droid/webkit/webview/chromium/native/content/browser/NavigationHistory.cpp
   > error: invalid using of (IInterface**)&entry) at line 35, it is declared as AutoPtr<NavigationEntry> entry; '' at line 34.

>> process file: /home/kesalin/Elastos5/Sources//Elastos/Frameworks/Droid/Base/Core/src/elastos/droid/webkit/webview/chromium/native/content/browser/LocationProviderFactory.cpp
   > error: invalid using of (IInterface**)&strC) at line 232, it is declared as AutoPtr<ICharSequence> strC; '' at line 231.

>> process file: /home/kesalin/Elastos5/Sources//Elastos/Frameworks/Droid/Base/Core/src/elastos/droid/webkit/webview/chromium/native/content/browser/LoadUrlParams.cpp
   > error: invalid using of (IInterface**)&key) at line 310, it is declared as AutoPtr<ICharSequence> key; '' at line 309.
   > error: invalid using of (IInterface**)&value) at line 317, it is declared as AutoPtr<ICharSequence> value; '' at line 316.

>> process file: /home/kesalin/Elastos5/Sources//Elastos/Frameworks/Droid/Base/Core/src/elastos/droid/webkit/webview/chromium/native/content/common/CleanupReference.cpp
   > error: invalid using of (IInterface**)&ref) at line 51, it is declared as AutoPtr<CleanupReference> ref; '' at line 50.

>> process file: /home/kesalin/Elastos5/Sources//Elastos/Frameworks/Droid/Base/Core/src/elastos/droid/webkit/webview/chromium/WebViewChromium.cpp
   = warning: declaration for (IClassInfo**)&klass) at line 236 not found!

>> process file: /home/kesalin/Elastos5/Sources//Elastos/Frameworks/Droid/Base/Core/src/elastos/droid/webkit/FindActionModeCallback.cpp
   > error: invalid using of (IView**)&mEditText) at line 96, it is declared as AutoPtr<IEditText> mEditText; 'in .h file' at line 176.
   > error: invalid using of (IView**)&mMatches) at line 101, it is declared as AutoPtr<ITextView> mMatches; 'in .h file' at line 177.
   > error: invalid using of (ICharSequence**)&span) at line 124, it is declared as AutoPtr<ISpannable> span; '' at line 123.
   > error: invalid using of (ICharSequence**)&edit) at line 259, it is declared as AutoPtr<IEditable> edit; '' at line 258.
   > error: invalid using of (IViewParent**)&view) at line 376, it is declared as AutoPtr<IView> view; '' at line 375.

>> process file: /home/kesalin/Elastos5/Sources//Elastos/Frameworks/Droid/Base/Core/src/elastos/droid/webkit/WebView.cpp
   > error: invalid using of (IInterface**)&entry) at line 789, it is declared as AutoPtr<IMapEntry> entry; '' at line 788.
   > error: invalid using of (IInterface**)&iKey) at line 791, it is declared as AutoPtr<ICharSequence> iKey, iValue; '' at line 790.
   > error: invalid using of (IInterface**)&iValue) at line 792, it is declared as AutoPtr<ICharSequence> iKey, iValue; '' at line 790.

results: 63 errors, 6 warnings.